<?xml version="1.0" encoding="UTF-8"?>
<testsuite xmlns:xsi="http://www.w3.org/2001/XMLSchema-instance" xsi:noNamespaceSchemaLocation="https://maven.apache.org/surefire/maven-surefire-plugin/xsd/surefire-test-report-3.0.xsd" version="3.0" name="edu.unisabana.tyvs.tdd.domain.service.RegistryTest" time="0.011" tests="10" errors="0" skipped="0" failures="0">
  <properties>
[...]
</properties>
  <testcase name="shouldRegisterValidPerson" classname="edu.unisabana.tyvs.tdd.domain.service.RegistryTest" time="0.002"/>
  <testcase name="shouldRejectDuplicatedId" classname="edu.unisabana.tyvs.tdd.domain.service.RegistryTest" time="0.0"/>
  <testcase name="shouldRejectInvalidAgeOver120" classname="edu.unisabana.tyvs.tdd.domain.service.RegistryTest" time="0.0"/>
  <testcase name="shouldRejectUnderageAt17" classname="edu.unisabana.tyvs.tdd.domain.service.RegistryTest" time="0.0"/>
  <testcase name="shouldReturnInvalidWhenPersonIsNull" classname="edu.unisabana.tyvs.tdd.domain.service.RegistryTest" time="0.0"/>
  <testcase name="shouldRejectDeadPerson" classname="edu.unisabana.tyvs.tdd.domain.service.RegistryTest" time="0.0"/>
  <testcase name="shouldRejectInvalidAgeNegative" classname="edu.unisabana.tyvs.tdd.domain.service.RegistryTest" time="0.0"/>
  <testcase name="shouldRejectWhenIdIsZeroOrNegative" classname="edu.unisabana.tyvs.tdd.domain.service.RegistryTest" time="0.0"/>
  <testcase name="shouldAcceptAdultAt18" classname="edu.unisabana.tyvs.tdd.domain.service.RegistryTest" time="0.0"/>
  <testcase name="shouldAcceptMaxAge120" classname="edu.unisabana.tyvs.tdd.domain.service.RegistryTest" time="0.0"/>
</testsuite>